Flow report for system
Sat Apr 01 13:40:37 2017
Quartus Prime Version 16.0.2 Build 222 07/20/2016 SJ Standard Edition


---------------------
; Table of Contents ;
---------------------
  1. Legal Notice
  2. Flow Summary
  3. Flow Settings
  4. Flow Non-Default Global Settings
  5. Flow Elapsed Time
  6. Flow OS Summary
  7. Flow Log
  8. Flow Messages
  9. Flow Suppressed Messages



----------------
; Legal Notice ;
----------------
Copyright (C) 1991-2016 Altera Corporation. All rights reserved.
Your use of Altera Corporation's design tools, logic functions 
and other software and tools, and its AMPP partner logic 
functions, and any output files from any of the foregoing 
(including device programming or simulation files), and any 
associated documentation or information are expressly subject 
to the terms and conditions of the Altera Program License 
Subscription Agreement, the Altera Quartus Prime License Agreement,
the Altera MegaCore Function License Agreement, or other 
applicable license agreement, including, without limitation, 
that your use is for the sole purpose of programming logic 
devices manufactured by Altera and sold by Altera or its 
authorized distributors.  Please refer to the applicable 
agreement for further details.



+--------------------------------------------------------------------------------------+
; Flow Summary                                                                         ;
+------------------------------------+-------------------------------------------------+
; Flow Status                        ; Successful - Sat Apr 01 13:40:37 2017           ;
; Quartus Prime Version              ; 16.0.2 Build 222 07/20/2016 SJ Standard Edition ;
; Revision Name                      ; system                                          ;
; Top-level Entity Name              ; riscv_test                                      ;
; Family                             ; Cyclone IV E                                    ;
; Device                             ; EP4CE115F29C7                                   ;
; Timing Models                      ; Final                                           ;
; Total logic elements               ; 3,048 / 114,480 ( 3 % )                         ;
;     Total combinational functions  ; 2,791 / 114,480 ( 2 % )                         ;
;     Dedicated logic registers      ; 1,554 / 114,480 ( 1 % )                         ;
; Total registers                    ; 1554                                            ;
; Total pins                         ; 105 / 529 ( 20 % )                              ;
; Total virtual pins                 ; 0                                               ;
; Total memory bits                  ; 527,360 / 3,981,312 ( 13 % )                    ;
; Embedded Multiplier 9-bit elements ; 8 / 532 ( 2 % )                                 ;
; Total PLLs                         ; 0 / 4 ( 0 % )                                   ;
+------------------------------------+-------------------------------------------------+


+-----------------------------------------+
; Flow Settings                           ;
+-------------------+---------------------+
; Option            ; Setting             ;
+-------------------+---------------------+
; Start date & time ; 04/01/2017 13:35:47 ;
; Main task         ; Compilation         ;
; Revision Name     ; system              ;
+-------------------+---------------------+


+------------------------------------------------------------------------------------------------------------------------------------------------------------------+
; Flow Non-Default Global Settings                                                                                                                                 ;
+---------------------------------------------------+----------------------------------------------------------+--------------------+-------------+----------------+
; Assignment Name                                   ; Value                                                    ; Default Value      ; Entity Name ; Section Id     ;
+---------------------------------------------------+----------------------------------------------------------+--------------------+-------------+----------------+
; AUTO_SHIFT_REGISTER_RECOGNITION                   ; Off                                                      ; Auto               ; --          ; --             ;
; COMPILER_SIGNATURE_ID                             ; 167537333262638.149106814710844                          ; --                 ; --          ; --             ;
; EDA_OUTPUT_DATA_FORMAT                            ; Vhdl                                                     ; --                 ; --          ; eda_simulation ;
; EDA_SIMULATION_TOOL                               ; ModelSim-Altera (VHDL)                                   ; <None>             ; --          ; --             ;
; ENABLE_SIGNALTAP                                  ; Off                                                      ; --                 ; --          ; --             ;
; FITTER_AUTO_EFFORT_DESIRED_SLACK_MARGIN           ; 125 ps                                                   ; 0 ns               ; --          ; --             ;
; FITTER_EFFORT                                     ; Standard Fit                                             ; Auto Fit           ; --          ; --             ;
; MAX_CORE_JUNCTION_TEMP                            ; 85                                                       ; --                 ; --          ; --             ;
; MIN_CORE_JUNCTION_TEMP                            ; 0                                                        ; --                 ; --          ; --             ;
; MISC_FILE                                         ; system/synthesis/../system.cmp                           ; --                 ; --          ; --             ;
; MISC_FILE                                         ; system/synthesis/../../system.qsys                       ; --                 ; --          ; --             ;
; OPTIMIZATION_MODE                                 ; High Performance Effort                                  ; Balanced           ; --          ; --             ;
; OPTIMIZE_POWER_DURING_FITTING                     ; Off                                                      ; Normal compilation ; --          ; --             ;
; OPTIMIZE_POWER_DURING_SYNTHESIS                   ; Off                                                      ; Normal compilation ; --          ; --             ;
; OUTPUT_IO_TIMING_FAR_END_VMEAS                    ; Half Signal Swing                                        ; --                 ; --          ; --             ;
; OUTPUT_IO_TIMING_FAR_END_VMEAS                    ; Half Signal Swing                                        ; --                 ; --          ; --             ;
; OUTPUT_IO_TIMING_NEAR_END_VMEAS                   ; Half Vccio                                               ; --                 ; --          ; --             ;
; OUTPUT_IO_TIMING_NEAR_END_VMEAS                   ; Half Vccio                                               ; --                 ; --          ; --             ;
; PARTITION_COLOR                                   ; 16764057                                                 ; --                 ; riscv_test  ; Top            ;
; PARTITION_FITTER_PRESERVATION_LEVEL               ; PLACEMENT_AND_ROUTING                                    ; --                 ; riscv_test  ; Top            ;
; PARTITION_NETLIST_TYPE                            ; SOURCE                                                   ; --                 ; riscv_test  ; Top            ;
; PHYSICAL_SYNTHESIS_ASYNCHRONOUS_SIGNAL_PIPELINING ; On                                                       ; Off                ; --          ; --             ;
; PHYSICAL_SYNTHESIS_COMBO_LOGIC                    ; On                                                       ; Off                ; --          ; --             ;
; PHYSICAL_SYNTHESIS_COMBO_LOGIC_FOR_AREA           ; On                                                       ; Off                ; --          ; --             ;
; PHYSICAL_SYNTHESIS_EFFORT                         ; Fast                                                     ; Normal             ; --          ; --             ;
; PHYSICAL_SYNTHESIS_REGISTER_DUPLICATION           ; On                                                       ; Off                ; --          ; --             ;
; PHYSICAL_SYNTHESIS_REGISTER_RETIMING              ; On                                                       ; Off                ; --          ; --             ;
; PLACEMENT_EFFORT_MULTIPLIER                       ; 4.0                                                      ; 1.0                ; --          ; --             ;
; POWER_BOARD_THERMAL_MODEL                         ; None (CONSERVATIVE)                                      ; --                 ; --          ; --             ;
; POWER_PRESET_COOLING_SOLUTION                     ; 23 MM HEAT SINK WITH 200 LFPM AIRFLOW                    ; --                 ; --          ; --             ;
; PROJECT_OUTPUT_DIRECTORY                          ; output_files                                             ; --                 ; --          ; --             ;
; ROUTER_TIMING_OPTIMIZATION_LEVEL                  ; MAXIMUM                                                  ; Normal             ; --          ; --             ;
; SLD_FILE                                          ; system/synthesis/system.regmap                           ; --                 ; --          ; --             ;
; SLD_FILE                                          ; system/synthesis/system.debuginfo                        ; --                 ; --          ; --             ;
; SLD_INFO                                          ; QSYS_NAME system HAS_SOPCINFO 1 GENERATION_ID 1491068034 ; --                 ; --          ; --             ;
; SOPCINFO_FILE                                     ; system/synthesis/../../system.sopcinfo                   ; --                 ; --          ; --             ;
; SYNTHESIS_ONLY_QIP                                ; On                                                       ; --                 ; --          ; --             ;
; TOP_LEVEL_ENTITY                                  ; riscv_test                                               ; system             ; --          ; --             ;
; USE_GENERATED_PHYSICAL_CONSTRAINTS                ; Off                                                      ; --                 ; --          ; eda_blast_fpga ;
; USE_SIGNALTAP_FILE                                ; test.stp                                                 ; --                 ; --          ; --             ;
+---------------------------------------------------+----------------------------------------------------------+--------------------+-------------+----------------+


+-------------------------------------------------------------------------------------------------------------------------------+
; Flow Elapsed Time                                                                                                             ;
+---------------------------+--------------+-------------------------+---------------------+------------------------------------+
; Module Name               ; Elapsed Time ; Average Processors Used ; Peak Virtual Memory ; Total CPU Time (on all processors) ;
+---------------------------+--------------+-------------------------+---------------------+------------------------------------+
; Analysis & Synthesis      ; 00:01:24     ; 1.0                     ; 1049 MB             ; 00:01:40                           ;
; Fitter                    ; 00:02:04     ; 1.0                     ; 1659 MB             ; 00:02:05                           ;
; Assembler                 ; 00:00:36     ; 1.0                     ; 797 MB              ; 00:00:07                           ;
; TimeQuest Timing Analyzer ; 00:00:26     ; 1.2                     ; 975 MB              ; 00:00:06                           ;
; EDA Netlist Writer        ; 00:00:24     ; 1.0                     ; 800 MB              ; 00:00:07                           ;
; Total                     ; 00:04:54     ; --                      ; --                  ; 00:04:05                           ;
+---------------------------+--------------+-------------------------+---------------------+------------------------------------+


+----------------------------------------------------------------------------------------+
; Flow OS Summary                                                                        ;
+---------------------------+------------------+-----------+------------+----------------+
; Module Name               ; Machine Hostname ; OS Name   ; OS Version ; Processor type ;
+---------------------------+------------------+-----------+------------+----------------+
; Analysis & Synthesis      ; DESKTOP-4ETK3GI  ; Windows 8 ; 6.2        ; x86_64         ;
; Fitter                    ; DESKTOP-4ETK3GI  ; Windows 8 ; 6.2        ; x86_64         ;
; Assembler                 ; DESKTOP-4ETK3GI  ; Windows 8 ; 6.2        ; x86_64         ;
; TimeQuest Timing Analyzer ; DESKTOP-4ETK3GI  ; Windows 8 ; 6.2        ; x86_64         ;
; EDA Netlist Writer        ; DESKTOP-4ETK3GI  ; Windows 8 ; 6.2        ; x86_64         ;
+---------------------------+------------------+-----------+------------+----------------+


------------
; Flow Log ;
------------
quartus_map --read_settings_files=on --write_settings_files=off system -c system
quartus_fit --read_settings_files=off --write_settings_files=off system -c system
quartus_asm --read_settings_files=off --write_settings_files=off system -c system
quartus_sta system -c system
quartus_eda --read_settings_files=off --write_settings_files=off system -c system



