EDA Netlist Writer report for system
Sat Apr 01 13:40:37 2017
Quartus Prime Version 16.0.2 Build 222 07/20/2016 SJ Standard Edition


---------------------
; Table of Contents ;
---------------------
  1. Legal Notice
  2. EDA Netlist Writer Summary
  3. Simulation Settings
  4. Simulation Generated Files
  5. EDA Netlist Writer Messages



----------------
; Legal Notice ;
----------------
Copyright (C) 1991-2016 Altera Corporation. All rights reserved.
Your use of Altera Corporation's design tools, logic functions 
and other software and tools, and its AMPP partner logic 
functions, and any output files from any of the foregoing 
(including device programming or simulation files), and any 
associated documentation or information are expressly subject 
to the terms and conditions of the Altera Program License 
Subscription Agreement, the Altera Quartus Prime License Agreement,
the Altera MegaCore Function License Agreement, or other 
applicable license agreement, including, without limitation, 
that your use is for the sole purpose of programming logic 
devices manufactured by Altera and sold by Altera or its 
authorized distributors.  Please refer to the applicable 
agreement for further details.



+-------------------------------------------------------------------+
; EDA Netlist Writer Summary                                        ;
+---------------------------+---------------------------------------+
; EDA Netlist Writer Status ; Successful - Sat Apr 01 13:40:37 2017 ;
; Revision Name             ; system                                ;
; Top-level Entity Name     ; riscv_test                            ;
; Family                    ; Cyclone IV E                          ;
; Simulation Files Creation ; Successful                            ;
+---------------------------+---------------------------------------+


+----------------------------------------------------------------------------------------------------------------------------+
; Simulation Settings                                                                                                        ;
+---------------------------------------------------------------------------------------------------+------------------------+
; Option                                                                                            ; Setting                ;
+---------------------------------------------------------------------------------------------------+------------------------+
; Tool Name                                                                                         ; ModelSim-Altera (VHDL) ;
; Generate functional simulation netlist                                                            ; Off                    ;
; Time scale                                                                                        ; 1 ps                   ;
; Truncate long hierarchy paths                                                                     ; Off                    ;
; Map illegal HDL characters                                                                        ; Off                    ;
; Flatten buses into individual nodes                                                               ; Off                    ;
; Maintain hierarchy                                                                                ; Off                    ;
; Bring out device-wide set/reset signals as ports                                                  ; Off                    ;
; Enable glitch filtering                                                                           ; Off                    ;
; Do not write top level VHDL entity                                                                ; Off                    ;
; Disable detection of setup and hold time violations in the input registers of bi-directional pins ; Off                    ;
; Architecture name in VHDL output netlist                                                          ; structure              ;
; Generate third-party EDA tool command script for RTL functional simulation                        ; Off                    ;
; Generate third-party EDA tool command script for gate-level simulation                            ; Off                    ;
+---------------------------------------------------------------------------------------------------+------------------------+


+----------------------------------------------------------------------------------------------------------------------+
; Simulation Generated Files                                                                                           ;
+----------------------------------------------------------------------------------------------------------------------+
; Generated Files                                                                                                      ;
+----------------------------------------------------------------------------------------------------------------------+
; C:/Users/Joseph/Documents/local_repos/orca_adaptation2/de2-115/simulation/modelsim/system_7_1200mv_85c_slow.vho      ;
; C:/Users/Joseph/Documents/local_repos/orca_adaptation2/de2-115/simulation/modelsim/system_7_1200mv_0c_slow.vho       ;
; C:/Users/Joseph/Documents/local_repos/orca_adaptation2/de2-115/simulation/modelsim/system_min_1200mv_0c_fast.vho     ;
; C:/Users/Joseph/Documents/local_repos/orca_adaptation2/de2-115/simulation/modelsim/system.vho                        ;
; C:/Users/Joseph/Documents/local_repos/orca_adaptation2/de2-115/simulation/modelsim/system_7_1200mv_85c_vhd_slow.sdo  ;
; C:/Users/Joseph/Documents/local_repos/orca_adaptation2/de2-115/simulation/modelsim/system_7_1200mv_0c_vhd_slow.sdo   ;
; C:/Users/Joseph/Documents/local_repos/orca_adaptation2/de2-115/simulation/modelsim/system_min_1200mv_0c_vhd_fast.sdo ;
; C:/Users/Joseph/Documents/local_repos/orca_adaptation2/de2-115/simulation/modelsim/system_vhd.sdo                    ;
+----------------------------------------------------------------------------------------------------------------------+


+-----------------------------+
; EDA Netlist Writer Messages ;
+-----------------------------+
Info: *******************************************************************
Info: Running Quartus Prime EDA Netlist Writer
    Info: Version 16.0.2 Build 222 07/20/2016 SJ Standard Edition
    Info: Processing started: Sat Apr 01 13:40:13 2017
Info: Command: quartus_eda --read_settings_files=off --write_settings_files=off system -c system
Warning (125092): Tcl Script File db/ip/sld7c65c258/alt_sld_fab.qip not found
    Info (125063): set_global_assignment -name QIP_FILE db/ip/sld7c65c258/alt_sld_fab.qip
Warning (18236): Number of processors has not been specified which may cause overloading on shared machines.  Set the global assignment NUM_PARALLEL_PROCESSORS in your QSF to an appropriate value for best performance.
Info (204019): Generated file system_7_1200mv_85c_slow.vho in folder "C:/Users/Joseph/Documents/local_repos/orca_adaptation2/de2-115/simulation/modelsim/" for EDA simulation tool
Info (204019): Generated file system_7_1200mv_0c_slow.vho in folder "C:/Users/Joseph/Documents/local_repos/orca_adaptation2/de2-115/simulation/modelsim/" for EDA simulation tool
Info (204019): Generated file system_min_1200mv_0c_fast.vho in folder "C:/Users/Joseph/Documents/local_repos/orca_adaptation2/de2-115/simulation/modelsim/" for EDA simulation tool
Info (204019): Generated file system.vho in folder "C:/Users/Joseph/Documents/local_repos/orca_adaptation2/de2-115/simulation/modelsim/" for EDA simulation tool
Info (204019): Generated file system_7_1200mv_85c_vhd_slow.sdo in folder "C:/Users/Joseph/Documents/local_repos/orca_adaptation2/de2-115/simulation/modelsim/" for EDA simulation tool
Info (204019): Generated file system_7_1200mv_0c_vhd_slow.sdo in folder "C:/Users/Joseph/Documents/local_repos/orca_adaptation2/de2-115/simulation/modelsim/" for EDA simulation tool
Info (204019): Generated file system_min_1200mv_0c_vhd_fast.sdo in folder "C:/Users/Joseph/Documents/local_repos/orca_adaptation2/de2-115/simulation/modelsim/" for EDA simulation tool
Info (204019): Generated file system_vhd.sdo in folder "C:/Users/Joseph/Documents/local_repos/orca_adaptation2/de2-115/simulation/modelsim/" for EDA simulation tool
Info: Quartus Prime EDA Netlist Writer was successful. 0 errors, 2 warnings
    Info: Peak virtual memory: 800 megabytes
    Info: Processing ended: Sat Apr 01 13:40:37 2017
    Info: Elapsed time: 00:00:24
    Info: Total CPU time (on all processors): 00:00:07


